2020-09-07 19:33:56,478 [AUDIT] Token created by 'anonymous': tokenId='ea612a3e-83ed-4778-90d4-cec6b49e7cd7', issuer='jfrou@01ehn0ytye0rqs87drt89segp6', subject='jfrou@01ehn0ytye0rqs87drt89segp6', expiry=none, refreshable=false
2020-09-07 19:34:00,377 [AUDIT] Token created by 'anonymous': tokenId='239d57cf-37ee-473a-bb9c-28230b47385b', issuer='jfac@01ehn0yjyt9dfk00sdp58108q1', subject='jfac@01ehn0yjyt9dfk00sdp58108q1', expiry=1599507360357, refreshable=false
2020-09-07 19:34:00,508 [AUDIT] Token created by 'anonymous': tokenId='e20cbf97-d3a2-4eba-8993-e04503b1a0f3', issuer='jfac@01ehn0yjyt9dfk00sdp58108q1', subject='jfac@01ehn0yjyt9dfk00sdp58108q1', expiry=1599507360505, refreshable=false
2020-09-07 19:34:00,725 [AUDIT] Token created by 'anonymous': tokenId='fbe251b6-3b44-492d-b127-3f7b4bc0f324', issuer='jfac@01ehn0yjyt9dfk00sdp58108q1', subject='jfac@01ehn0yjyt9dfk00sdp58108q1', expiry=1599507360723, refreshable=false
2020-09-07 19:34:01,137 [AUDIT] Token created by 'anonymous': tokenId='f39f3c1d-e38c-4e15-84e7-663cd4975ce0', issuer='jfac@01ehn0yjyt9dfk00sdp58108q1', subject='jfac@01ehn0yjyt9dfk00sdp58108q1', expiry=1599507361135, refreshable=false
2020-09-07 19:34:01,657 [AUDIT] Token created by 'anonymous': tokenId='ee4f2e9b-ba71-41f0-91a5-23e45261a675', issuer='jfmd@01ehn0yvsn2tdvpz2sr48vvaf7', subject='jfmd@01ehn0yvsn2tdvpz2sr48vvaf7', expiry=none, refreshable=false
2020-09-07 19:34:02,287 [AUDIT] Token created by 'anonymous': tokenId='ba525086-5a7b-4f76-b73a-d5b66515d1a9', issuer='jfrt@01ehn0z6haxb661qtdhq5p0g2p', subject='jfrt@01ehn0z6haxb661qtdhq5p0g2p', expiry=none, refreshable=false
2020-09-07 19:34:03,946 [AUDIT] Token created by 'jfrt@01ehn0z6haxb661qtdhq5p0g2p': tokenId='9c986b6d-1d94-49c1-8fab-6f0d8bb67523', issuer='jfrt@01ehn0z6haxb661qtdhq5p0g2p', subject='jfrt@01ehn0z6haxb661qtdhq5p0g2p', expiry=2545587243944, refreshable=false
2020-09-07 19:34:16,696 [AUDIT] Token created by 'anonymous': tokenId='a3c6c9b2-3eff-4f01-94e2-90cb42da3161', issuer='jffe@000', subject='jffe@000', expiry=none, refreshable=false
2020-09-07 19:34:16,770 [AUDIT] Token created by 'jffe@000': tokenId='8fef38e8-b16a-43c5-82de-46f3bd5f6511', issuer='jffe@000', subject='jffe@000', expiry=1599507856769, refreshable=false
2020-09-07 19:34:27,906 [AUDIT] Token created by 'jffe@000': tokenId='b97fa846-7bec-418d-b4de-d9fd0a4ed4cc', issuer='jffe@000', subject='jffe@000/users/anonymous', expiry=1599507867906, refreshable=false
2020-09-07 19:34:27,923 [AUDIT] Token created by 'jffe@000': tokenId='7c846518-127c-430c-8a2d-beed2ef1dc9f', issuer='jffe@000', subject='jffe@000/users/anonymous', expiry=1599507867922, refreshable=false
2020-09-07 19:34:27,970 [AUDIT] Token created by 'jffe@000': tokenId='2a3e82c4-2264-4617-9ac3-7c8ecc008315', issuer='jffe@000', subject='jffe@000/users/anonymous', expiry=1599507867969, refreshable=false
2020-09-07 19:34:27,971 [AUDIT] Token created by 'jffe@000': tokenId='4f399b1e-a739-4e96-b996-7a6b0f69625a', issuer='jffe@000', subject='jffe@000/users/anonymous', expiry=1599507867970, refreshable=false
2020-09-07 19:34:36,719 [AUDIT] Token created by 'jffe@000': tokenId='3131b09e-76e9-4c7c-a0ec-0f31ba31e5df', issuer='jffe@000', subject='admin', expiry=1599509076716, refreshable=true
2020-09-07 19:34:36,897 [AUDIT] Token created by 'jffe@000': tokenId='0f7b1fa8-92bc-41e8-ad9e-72bc7f53ca6b', issuer='jffe@000', subject='jffe@000/users/admin', expiry=1599507876896, refreshable=false
2020-09-07 19:34:36,902 [AUDIT] Token created by 'jffe@000': tokenId='6953e6e5-40be-43b1-afde-f1dd4a05c6db', issuer='jffe@000', subject='jffe@000/users/admin', expiry=1599507876902, refreshable=false
2020-09-07 19:34:36,922 [AUDIT] Token created by 'jffe@000': tokenId='8fb3429f-1409-4841-95b1-6e41ed674ab8', issuer='jffe@000', subject='jffe@000/users/admin', expiry=1599507876922, refreshable=false
2020-09-07 19:35:28,893 [AUDIT] Token created by 'jffe@000': tokenId='4fb08961-c826-4a9e-b8c4-9248dd69b743', issuer='jffe@000', subject='jffe@000/users/admin', expiry=1599507928892, refreshable=false
2020-09-07 19:35:37,244 [AUDIT] Token revoked by 'jffe@000': tokenId='3131b09e-76e9-4c7c-a0ec-0f31ba31e5df', issuer='jffe@000', subject='admin', expiry=1599509076716, refreshable=true
2020-09-07 19:44:20,118 [AUDIT] Token created by 'jffe@000': tokenId='35ac1a0d-98a6-489a-903e-748b27eeb311', issuer='jffe@000', subject='jffe@000', expiry=1599508460117, refreshable=false
2020-09-07 19:44:20,122 [AUDIT] Token created by 'jffe@000': tokenId='732212da-d2b7-4ea4-b626-1c4ae49dc98a', issuer='jffe@000', subject='jffe@000', expiry=1599508460121, refreshable=false
2020-09-07 19:44:20,122 [AUDIT] Token created by 'jffe@000': tokenId='91d3f8dd-b713-4a4b-b4fd-ec88a85a4666', issuer='jffe@000', subject='jffe@000', expiry=1599508460121, refreshable=false
2020-09-07 19:44:20,133 [AUDIT] Token created by 'jffe@000': tokenId='a32ac113-d321-4803-8b41-e081665f998f', issuer='jffe@000', subject='jffe@000', expiry=1599508460132, refreshable=false
2020-09-07 19:52:17,973 [AUDIT] Token created by 'anonymous': tokenId='66ba6d20-e28c-4b1d-ab21-56ed77bc7645', issuer='jfrou@01ehn0ytye0rqs87drt89segp6', subject='jfrou@01ehn0ytye0rqs87drt89segp6', expiry=none, refreshable=false
2020-09-07 19:52:18,217 [AUDIT] Token revoked by 'anonymous': tokenId='ea612a3e-83ed-4778-90d4-cec6b49e7cd7', issuer='jfrou@01ehn0ytye0rqs87drt89segp6', subject='jfrou@01ehn0ytye0rqs87drt89segp6', expiry=none, refreshable=false
2020-09-07 19:52:19,856 [AUDIT] Token created by 'anonymous': tokenId='78cfc3b2-98d5-4039-8336-183e583a493d', issuer='jfmd@01ehn0yvsn2tdvpz2sr48vvaf7', subject='jfmd@01ehn0yvsn2tdvpz2sr48vvaf7', expiry=none, refreshable=false
2020-09-07 19:52:19,885 [AUDIT] Token revoked by 'anonymous': tokenId='ee4f2e9b-ba71-41f0-91a5-23e45261a675', issuer='jfmd@01ehn0yvsn2tdvpz2sr48vvaf7', subject='jfmd@01ehn0yvsn2tdvpz2sr48vvaf7', expiry=none, refreshable=false
2020-09-07 19:52:20,834 [AUDIT] Token created by 'anonymous': tokenId='7473608c-ae52-4d45-9415-6c5615acfe12', issuer='jfrt@01ehn0z6haxb661qtdhq5p0g2p', subject='jfrt@01ehn0z6haxb661qtdhq5p0g2p', expiry=none, refreshable=false
2020-09-07 19:52:20,859 [AUDIT] Token revoked by 'anonymous': tokenId='ba525086-5a7b-4f76-b73a-d5b66515d1a9', issuer='jfrt@01ehn0z6haxb661qtdhq5p0g2p', subject='jfrt@01ehn0z6haxb661qtdhq5p0g2p', expiry=none, refreshable=false
2020-09-07 19:52:23,380 [AUDIT] Token created by 'anonymous': tokenId='c75ad62e-ba33-4666-b45c-413bb276b68a', issuer='jfac@01ehn0yjyt9dfk00sdp58108q1', subject='jfac@01ehn0yjyt9dfk00sdp58108q1', expiry=1599508463353, refreshable=false
2020-09-07 19:52:24,808 [AUDIT] Token created by 'jfrt@01ehn0z6haxb661qtdhq5p0g2p': tokenId='dde25b02-1409-43c5-9119-43af3922df06', issuer='jfrt@01ehn0z6haxb661qtdhq5p0g2p', subject='jfrt@01ehn0z6haxb661qtdhq5p0g2p', expiry=2545588344804, refreshable=false
2020-09-07 19:52:35,400 [AUDIT] Token created by 'anonymous': tokenId='3d446acf-3be4-4e22-bcc4-6af185608217', issuer='jffe@000', subject='jffe@000', expiry=none, refreshable=false
2020-09-07 19:52:35,420 [AUDIT] Token revoked by 'anonymous': tokenId='a3c6c9b2-3eff-4f01-94e2-90cb42da3161', issuer='jffe@000', subject='jffe@000', expiry=none, refreshable=false
2020-09-07 19:52:35,509 [AUDIT] Token created by 'jffe@000': tokenId='9bec7a1b-f098-409e-91b0-84d96fe56a6b', issuer='jffe@000', subject='jffe@000', expiry=1599508955508, refreshable=false
2020-09-07 20:02:38,402 [AUDIT] Token created by 'jffe@000': tokenId='66f8f3f8-bc01-4e43-bbff-88c588a8414a', issuer='jffe@000', subject='jffe@000', expiry=1599509558400, refreshable=false
2020-09-07 20:02:38,405 [AUDIT] Token created by 'jffe@000': tokenId='be3ce590-9ed7-4a63-9782-96ab8abe9dd4', issuer='jffe@000', subject='jffe@000', expiry=1599509558400, refreshable=false
2020-09-07 20:02:38,405 [AUDIT] Token created by 'jffe@000': tokenId='413aaa89-5541-416b-9cc3-9d4aa6f7c694', issuer='jffe@000', subject='jffe@000', expiry=1599509558400, refreshable=false
2020-09-07 20:02:38,420 [AUDIT] Token created by 'jffe@000': tokenId='a79ef0c4-9b1e-4839-84d2-e407af9bb18d', issuer='jffe@000', subject='jffe@000', expiry=1599509558404, refreshable=false
2020-09-07 20:12:38,447 [AUDIT] Token created by 'jffe@000': tokenId='d5c322e0-3fbd-436a-9922-58e5286906fe', issuer='jffe@000', subject='jffe@000', expiry=1599510158446, refreshable=false
2020-09-07 20:12:38,456 [AUDIT] Token created by 'jffe@000': tokenId='a49d55f6-bd3b-4c44-967b-5dd5de39b483', issuer='jffe@000', subject='jffe@000', expiry=1599510158456, refreshable=false
2020-09-07 20:12:38,458 [AUDIT] Token created by 'jffe@000': tokenId='af841262-8643-44e9-8784-d107be09073d', issuer='jffe@000', subject='jffe@000', expiry=1599510158457, refreshable=false
2020-09-07 20:12:38,470 [AUDIT] Token created by 'jffe@000': tokenId='16b01a0b-f838-4e38-8028-cf45f3e657d5', issuer='jffe@000', subject='jffe@000', expiry=1599510158470, refreshable=false
2020-09-07 20:22:38,505 [AUDIT] Token created by 'jffe@000': tokenId='39ee84c2-81f1-4221-a115-89687ed9f787', issuer='jffe@000', subject='jffe@000', expiry=1599510758504, refreshable=false
2020-09-07 20:22:38,522 [AUDIT] Token created by 'jffe@000': tokenId='04373290-555c-4dde-85a3-198012efab9b', issuer='jffe@000', subject='jffe@000', expiry=1599510758520, refreshable=false
2020-09-07 20:22:38,534 [AUDIT] Token created by 'jffe@000': tokenId='d65157c5-d55e-4cb4-9033-abfdb20eb815', issuer='jffe@000', subject='jffe@000', expiry=1599510758533, refreshable=false
2020-09-07 20:22:38,563 [AUDIT] Token created by 'jffe@000': tokenId='822dadbd-3386-4575-8881-b3fd4694a18a', issuer='jffe@000', subject='jffe@000', expiry=1599510758562, refreshable=false
2020-09-07 20:32:45,151 [AUDIT] Token created by 'anonymous': tokenId='0b945b43-8ae8-496c-86a4-06d8ad1ba312', issuer='jfrou@01ehn0ytye0rqs87drt89segp6', subject='jfrou@01ehn0ytye0rqs87drt89segp6', expiry=none, refreshable=false
2020-09-07 20:32:58,126 [AUDIT] Token created by 'anonymous': tokenId='f9098ec5-974d-4204-8f15-6cfb3026a200', issuer='jfac@01ehn0yjyt9dfk00sdp58108q1', subject='jfac@01ehn0yjyt9dfk00sdp58108q1', expiry=1599510898119, refreshable=false
2020-09-07 20:32:58,616 [AUDIT] Token created by 'anonymous': tokenId='8984c95c-82f5-454c-8bc1-2bc7cec166b8', issuer='jfmd@01ehn0yvsn2tdvpz2sr48vvaf7', subject='jfmd@01ehn0yvsn2tdvpz2sr48vvaf7', expiry=none, refreshable=false
2020-09-07 20:32:59,112 [AUDIT] Token created by 'anonymous': tokenId='cca06670-40a6-46d1-ba0f-6fda8e8a79c8', issuer='jfrt@01ehn0z6haxb661qtdhq5p0g2p', subject='jfrt@01ehn0z6haxb661qtdhq5p0g2p', expiry=none, refreshable=false
2020-09-07 20:33:01,179 [AUDIT] Token created by 'jfrt@01ehn0z6haxb661qtdhq5p0g2p': tokenId='cd2b3172-cd90-4fed-a33c-add639fc2dc6', issuer='jfrt@01ehn0z6haxb661qtdhq5p0g2p', subject='jfrt@01ehn0z6haxb661qtdhq5p0g2p', expiry=2545590781175, refreshable=false
2020-09-07 20:33:08,029 [AUDIT] Token created by 'anonymous': tokenId='a1105d94-88b4-409a-a243-46a01f6b7e9b', issuer='jffe@000', subject='jffe@000', expiry=none, refreshable=false
2020-09-07 20:33:08,084 [AUDIT] Token created by 'jffe@000': tokenId='ab2dc526-69bf-456a-a5b6-c4565a1307cf', issuer='jffe@000', subject='jffe@000', expiry=1599511388084, refreshable=false
2020-09-07 20:35:03,896 [AUDIT] Token created by 'anonymous': tokenId='b288b617-6737-4ac1-92e8-2527877b4b8f', issuer='jfrou@01ehn0ytye0rqs87drt89segp6', subject='jfrou@01ehn0ytye0rqs87drt89segp6', expiry=none, refreshable=false
2020-09-07 20:35:07,237 [AUDIT] Token created by 'anonymous': tokenId='20f6d55f-6403-4dfd-bc45-a0bc27252db6', issuer='jfac@01ehn0yjyt9dfk00sdp58108q1', subject='jfac@01ehn0yjyt9dfk00sdp58108q1', expiry=1599511027230, refreshable=false
2020-09-07 20:35:07,376 [AUDIT] Token created by 'anonymous': tokenId='d5f60e3c-945b-4407-bda0-bcf06deeaa66', issuer='jfac@01ehn0yjyt9dfk00sdp58108q1', subject='jfac@01ehn0yjyt9dfk00sdp58108q1', expiry=1599511027372, refreshable=false
2020-09-07 20:35:07,600 [AUDIT] Token created by 'anonymous': tokenId='33ecd953-e7a0-4f0c-b1b1-6f2ad710c2d2', issuer='jfac@01ehn0yjyt9dfk00sdp58108q1', subject='jfac@01ehn0yjyt9dfk00sdp58108q1', expiry=1599511027597, refreshable=false
2020-09-07 20:35:08,033 [AUDIT] Token created by 'anonymous': tokenId='1ce0a747-52c5-469b-b735-da4da53110ca', issuer='jfac@01ehn0yjyt9dfk00sdp58108q1', subject='jfac@01ehn0yjyt9dfk00sdp58108q1', expiry=1599511028025, refreshable=false
2020-09-07 20:35:08,903 [AUDIT] Token created by 'anonymous': tokenId='f792cba1-c9db-4842-8ce6-3c6c0f5bea14', issuer='jfac@01ehn0yjyt9dfk00sdp58108q1', subject='jfac@01ehn0yjyt9dfk00sdp58108q1', expiry=1599511028884, refreshable=false
2020-09-07 20:35:09,018 [AUDIT] Token created by 'anonymous': tokenId='e333daf8-0c0b-4ff0-8a52-51c1953810af', issuer='jfmd@01ehn0yvsn2tdvpz2sr48vvaf7', subject='jfmd@01ehn0yvsn2tdvpz2sr48vvaf7', expiry=none, refreshable=false
2020-09-07 20:35:09,817 [AUDIT] Token created by 'anonymous': tokenId='d79220ac-0508-4190-86db-a6789c7d6d6d', issuer='jfrt@01ehn0z6haxb661qtdhq5p0g2p', subject='jfrt@01ehn0z6haxb661qtdhq5p0g2p', expiry=none, refreshable=false
2020-09-07 20:35:11,742 [AUDIT] Token created by 'jfrt@01ehn0z6haxb661qtdhq5p0g2p': tokenId='26e992e7-f3ef-4afd-b8b3-89cc2fe1a2f2', issuer='jfrt@01ehn0z6haxb661qtdhq5p0g2p', subject='jfrt@01ehn0z6haxb661qtdhq5p0g2p', expiry=2545590911740, refreshable=false
2020-09-07 20:35:17,603 [AUDIT] Token created by 'anonymous': tokenId='3c9c4d42-8536-4ebe-9cfc-dbe28db7d72d', issuer='jffe@000', subject='jffe@000', expiry=none, refreshable=false
2020-09-07 20:35:17,658 [AUDIT] Token created by 'jffe@000': tokenId='389cdb03-67e1-494e-9bdb-95a10ce7c626', issuer='jffe@000', subject='jffe@000', expiry=1599511517657, refreshable=false
