2020-09-07T19:34:17.489Z [36d0cc34e6ca18dd] [ACCEPTED LOGIN]   for client : jffe@000 / 127.0.0.1.
2020-09-07T19:34:28.243Z [328112718d3b7910] [ACCEPTED LOGIN]   for client : anonymous / 192.168.44.1.
2020-09-07T19:34:28.294Z [328112718d3b7910] [ACCEPTED LOGIN]   for client : anonymous / 192.168.44.1.
2020-09-07T19:34:28.421Z [1b27dddbcfa379c ] [ACCEPTED LOGIN]   for client : anonymous / 192.168.44.1.
2020-09-07T19:34:30.228Z [527e78524b56c08 ] [ACCEPTED LOGIN]   for client : anonymous / 192.168.44.1.
2020-09-07T19:34:36.568Z [4813ee132a6c8913] [ACCEPTED LOGIN]   for client : admin / 192.168.44.1.
2020-09-07T19:34:37.065Z [377b50f67365f36 ] [ACCEPTED LOGIN]   for client : admin / 192.168.44.1.
2020-09-07T19:34:37.072Z [377b50f67365f36 ] [ACCEPTED LOGIN]   for client : admin / 192.168.44.1.
2020-09-07T19:34:37.146Z [35882f640cf84464] [ACCEPTED LOGIN]   for client : admin / 192.168.44.1.
2020-09-07T19:34:50.144Z [57ce66a0c92bc72a] [ACCEPTED LOGIN]   for client : jffe@000 / 127.0.0.1.
2020-09-07T19:34:50.152Z [1d55c58a7ff0db1d] [ACCEPTED LOGIN]   for client : jffe@000 / 127.0.0.1.
2020-09-07T19:34:50.153Z [38b0e0b2c545c28e] [ACCEPTED LOGIN]   for client : jffe@000 / 127.0.0.1.
2020-09-07T19:34:50.161Z [48d1ad47cce7a8d1] [ACCEPTED LOGIN]   for client : jffe@000 / 127.0.0.1.
2020-09-07T19:34:53.364Z [72b5059b7612d876] [ACCEPTED LOGIN]   for client : admin / 192.168.44.1.
2020-09-07T19:34:53.834Z [1582e0cf3c516a8f] [ACCEPTED LOGIN]   for client : admin / 192.168.44.1.
2020-09-07T19:34:53.856Z [4114b4e4a18c078a] [ACCEPTED LOGIN]   for client : admin / 192.168.44.1.
2020-09-07T19:35:20.123Z [7981258d29ab7835] [ACCEPTED LOGIN]   for client : jffe@000 / 127.0.0.1.
2020-09-07T19:35:20.125Z [5016667832f6943f] [ACCEPTED LOGIN]   for client : jffe@000 / 127.0.0.1.
2020-09-07T19:35:20.132Z [3f0dae63b0a8e19c] [ACCEPTED LOGIN]   for client : jffe@000 / 127.0.0.1.
2020-09-07T19:35:20.146Z [c0aab247e4b11e3 ] [ACCEPTED LOGIN]   for client : jffe@000 / 127.0.0.1.
2020-09-07T19:35:21.362Z [68d50f0c153ce4da] [ACCEPTED DELETE] example-repo-local:  for client : admin / 192.168.44.1.
2020-09-07T19:35:21.518Z [68d50f0c153ce4da] [ACCEPTED CONFIGURATION_CHANGE]   for client : admin / 192.168.44.1.
2020-09-07T19:35:21.544Z [68d50f0c153ce4da] [ACCEPTED LOGIN]   for client : admin / 192.168.44.1.
2020-09-07T19:35:50.108Z [3d3c83485f01d084] [ACCEPTED LOGIN]   for client : jffe@000 / 127.0.0.1.
2020-09-07T19:35:50.112Z [7129b7f426af0827] [ACCEPTED LOGIN]   for client : jffe@000 / 127.0.0.1.
2020-09-07T19:35:50.114Z [7b653b9f3a1acb00] [ACCEPTED LOGIN]   for client : jffe@000 / 127.0.0.1.
2020-09-07T19:35:50.119Z [59238f86face383 ] [ACCEPTED LOGIN]   for client : jffe@000 / 127.0.0.1.
2020-09-07T19:36:20.119Z [4d781befdc23bcb8] [ACCEPTED LOGIN]   for client : jffe@000 / 127.0.0.1.
2020-09-07T19:36:20.133Z [49692fa5ecdb9607] [ACCEPTED LOGIN]   for client : jffe@000 / 127.0.0.1.
2020-09-07T19:36:20.145Z [70be8fc76af88dc0] [ACCEPTED LOGIN]   for client : jffe@000 / 127.0.0.1.
2020-09-07T19:36:20.149Z [1803cb8a05931907] [ACCEPTED LOGIN]   for client : jffe@000 / 127.0.0.1.
2020-09-07T19:36:50.096Z [573706957a7a489d] [ACCEPTED LOGIN]   for client : jffe@000 / 127.0.0.1.
2020-09-07T19:36:50.101Z [4633ff02443ac9e1] [ACCEPTED LOGIN]   for client : jffe@000 / 127.0.0.1.
2020-09-07T19:36:50.104Z [76036e56205f98c9] [ACCEPTED LOGIN]   for client : jffe@000 / 127.0.0.1.
2020-09-07T19:36:50.125Z [69e9ffa3d040e4cc] [ACCEPTED LOGIN]   for client : jffe@000 / 127.0.0.1.
2020-09-07T19:37:20.112Z [5468ba3db2b0d7e4] [ACCEPTED LOGIN]   for client : jffe@000 / 127.0.0.1.
2020-09-07T19:37:20.114Z [19079c60f03680ee] [ACCEPTED LOGIN]   for client : jffe@000 / 127.0.0.1.
2020-09-07T19:37:20.117Z [5a710f95adca8cad] [ACCEPTED LOGIN]   for client : jffe@000 / 127.0.0.1.
2020-09-07T19:37:20.121Z [7fedb69f1f614f7e] [ACCEPTED LOGIN]   for client : jffe@000 / 127.0.0.1.
2020-09-07T19:37:50.097Z [40cadadd45e56341] [ACCEPTED LOGIN]   for client : jffe@000 / 127.0.0.1.
2020-09-07T19:37:50.097Z [5c51401f75215bc ] [ACCEPTED LOGIN]   for client : jffe@000 / 127.0.0.1.
2020-09-07T19:37:50.098Z [32ef146ce00d1007] [ACCEPTED LOGIN]   for client : jffe@000 / 127.0.0.1.
2020-09-07T19:37:50.102Z [5dc5c2c249ce037e] [ACCEPTED LOGIN]   for client : jffe@000 / 127.0.0.1.
2020-09-07T19:38:20.150Z [5d09900c0ef22efa] [ACCEPTED LOGIN]   for client : jffe@000 / 127.0.0.1.
2020-09-07T19:38:20.151Z [22cd99d75b1ee07d] [ACCEPTED LOGIN]   for client : jffe@000 / 127.0.0.1.
2020-09-07T19:38:20.152Z [5d71195191a43644] [ACCEPTED LOGIN]   for client : jffe@000 / 127.0.0.1.
2020-09-07T19:38:20.163Z [69eab79aa137da37] [ACCEPTED LOGIN]   for client : jffe@000 / 127.0.0.1.
2020-09-07T19:38:50.087Z [10a868c8384c2693] [ACCEPTED LOGIN]   for client : jffe@000 / 127.0.0.1.
2020-09-07T19:38:50.091Z [353c78c79ad88aa0] [ACCEPTED LOGIN]   for client : jffe@000 / 127.0.0.1.
2020-09-07T19:38:50.092Z [41d0618a3fe6548e] [ACCEPTED LOGIN]   for client : jffe@000 / 127.0.0.1.
2020-09-07T19:38:50.101Z [3bec26c11622aeb6] [ACCEPTED LOGIN]   for client : jffe@000 / 127.0.0.1.
2020-09-07T19:39:20.151Z [42b6781da8e33921] [ACCEPTED LOGIN]   for client : jffe@000 / 127.0.0.1.
2020-09-07T19:39:20.154Z [687f5a9bb096fb03] [ACCEPTED LOGIN]   for client : jffe@000 / 127.0.0.1.
2020-09-07T19:39:20.163Z [5f03e0ad13bdba92] [ACCEPTED LOGIN]   for client : jffe@000 / 127.0.0.1.
2020-09-07T19:39:20.165Z [7c09f0f0abf5a97a] [ACCEPTED LOGIN]   for client : jffe@000 / 127.0.0.1.
2020-09-07T19:39:50.100Z [1218efff0c311476] [ACCEPTED LOGIN]   for client : jffe@000 / 127.0.0.1.
2020-09-07T19:39:50.105Z [43633c5ef62e4601] [ACCEPTED LOGIN]   for client : jffe@000 / 127.0.0.1.
2020-09-07T19:39:50.108Z [45a9778d3ef9a6dd] [ACCEPTED LOGIN]   for client : jffe@000 / 127.0.0.1.
2020-09-07T19:39:50.109Z [40a03142892e69e7] [ACCEPTED LOGIN]   for client : jffe@000 / 127.0.0.1.
2020-09-07T19:40:20.093Z [414f168fecf1b9a0] [ACCEPTED LOGIN]   for client : jffe@000 / 127.0.0.1.
2020-09-07T19:40:20.096Z [2bd299ecb268ef96] [ACCEPTED LOGIN]   for client : jffe@000 / 127.0.0.1.
2020-09-07T19:40:20.105Z [373de65201d56953] [ACCEPTED LOGIN]   for client : jffe@000 / 127.0.0.1.
2020-09-07T19:40:20.115Z [6cc1bc7f1631a708] [ACCEPTED LOGIN]   for client : jffe@000 / 127.0.0.1.
2020-09-07T19:40:50.127Z [5886fec326511734] [ACCEPTED LOGIN]   for client : jffe@000 / 127.0.0.1.
2020-09-07T19:40:50.129Z [273a980cad0b503b] [ACCEPTED LOGIN]   for client : jffe@000 / 127.0.0.1.
2020-09-07T19:40:50.132Z [2ade17c38fba56ec] [ACCEPTED LOGIN]   for client : jffe@000 / 127.0.0.1.
2020-09-07T19:40:50.134Z [5a7e8f17c4a8c50b] [ACCEPTED LOGIN]   for client : jffe@000 / 127.0.0.1.
2020-09-07T19:41:20.083Z [530a81d7c59e8945] [ACCEPTED LOGIN]   for client : jffe@000 / 127.0.0.1.
2020-09-07T19:41:20.093Z [228c53eae883af34] [ACCEPTED LOGIN]   for client : jffe@000 / 127.0.0.1.
2020-09-07T19:41:20.104Z [4b93fb759fed6f26] [ACCEPTED LOGIN]   for client : jffe@000 / 127.0.0.1.
2020-09-07T19:41:20.107Z [24261ebd54c59635] [ACCEPTED LOGIN]   for client : jffe@000 / 127.0.0.1.
2020-09-07T19:41:50.145Z [1125379736c47c0a] [ACCEPTED LOGIN]   for client : jffe@000 / 127.0.0.1.
2020-09-07T19:41:50.149Z [59f0d3d1293b495f] [ACCEPTED LOGIN]   for client : jffe@000 / 127.0.0.1.
2020-09-07T19:41:50.151Z [5f4180c92bb00e32] [ACCEPTED LOGIN]   for client : jffe@000 / 127.0.0.1.
2020-09-07T19:41:50.157Z [456ce7b8e2d7edd0] [ACCEPTED LOGIN]   for client : jffe@000 / 127.0.0.1.
2020-09-07T19:42:20.097Z [7c759ebe51330ea3] [ACCEPTED LOGIN]   for client : jffe@000 / 127.0.0.1.
2020-09-07T19:42:20.104Z [497d1ea6efe9bf9c] [ACCEPTED LOGIN]   for client : jffe@000 / 127.0.0.1.
2020-09-07T19:42:20.105Z [678059b00b39f8d7] [ACCEPTED LOGIN]   for client : jffe@000 / 127.0.0.1.
2020-09-07T19:42:20.109Z [13eeda46e62edf39] [ACCEPTED LOGIN]   for client : jffe@000 / 127.0.0.1.
2020-09-07T19:42:50.105Z [379bcaa961260f87] [ACCEPTED LOGIN]   for client : jffe@000 / 127.0.0.1.
2020-09-07T19:42:50.111Z [bf255648590f484 ] [ACCEPTED LOGIN]   for client : jffe@000 / 127.0.0.1.
2020-09-07T19:42:50.111Z [311ebbd03a451a5c] [ACCEPTED LOGIN]   for client : jffe@000 / 127.0.0.1.
2020-09-07T19:42:50.116Z [c79311c88489e84 ] [ACCEPTED LOGIN]   for client : jffe@000 / 127.0.0.1.
2020-09-07T19:43:20.130Z [5584ed64e1fa384f] [ACCEPTED LOGIN]   for client : jffe@000 / 127.0.0.1.
2020-09-07T19:43:20.133Z [3ebf342c49c3057c] [ACCEPTED LOGIN]   for client : jffe@000 / 127.0.0.1.
2020-09-07T19:43:20.139Z [5bb42f6e828cb56 ] [ACCEPTED LOGIN]   for client : jffe@000 / 127.0.0.1.
2020-09-07T19:43:20.152Z [30c8ac3916fad785] [ACCEPTED LOGIN]   for client : jffe@000 / 127.0.0.1.
2020-09-07T19:43:50.177Z [5d19463e7c4459b3] [ACCEPTED LOGIN]   for client : jffe@000 / 127.0.0.1.
2020-09-07T19:43:50.185Z [31ec1adec7ad5394] [ACCEPTED LOGIN]   for client : jffe@000 / 127.0.0.1.
2020-09-07T19:43:50.188Z [e87618f607e76fc ] [ACCEPTED LOGIN]   for client : jffe@000 / 127.0.0.1.
2020-09-07T19:43:50.193Z [6bdd6ae261a98e9c] [ACCEPTED LOGIN]   for client : jffe@000 / 127.0.0.1.
2020-09-07T19:44:20.230Z [72a1203d91be664e] [ACCEPTED LOGIN]   for client : jffe@000 / 127.0.0.1.
2020-09-07T19:44:20.230Z [55b238f29af8099b] [ACCEPTED LOGIN]   for client : jffe@000 / 127.0.0.1.
2020-09-07T19:44:20.260Z [5ba971358bff7ce5] [ACCEPTED LOGIN]   for client : jffe@000 / 127.0.0.1.
2020-09-07T19:44:20.264Z [110257c1481bfbf2] [ACCEPTED LOGIN]   for client : jffe@000 / 127.0.0.1.
2020-09-07T19:44:50.204Z [1201a5cf3641276 ] [ACCEPTED LOGIN]   for client : jffe@000 / 127.0.0.1.
2020-09-07T19:44:50.205Z [19623da8a122b722] [ACCEPTED LOGIN]   for client : jffe@000 / 127.0.0.1.
2020-09-07T19:44:50.206Z [6800ea2b65418626] [ACCEPTED LOGIN]   for client : jffe@000 / 127.0.0.1.
2020-09-07T19:44:50.214Z [50839e063a2ab036] [ACCEPTED LOGIN]   for client : jffe@000 / 127.0.0.1.
2020-09-07T19:45:20.171Z [7cf66849d04087bd] [ACCEPTED LOGIN]   for client : jffe@000 / 127.0.0.1.
2020-09-07T19:45:20.173Z [36c8e2bd1fd4499c] [ACCEPTED LOGIN]   for client : jffe@000 / 127.0.0.1.
2020-09-07T19:45:20.187Z [66b2f136a7100d0b] [ACCEPTED LOGIN]   for client : jffe@000 / 127.0.0.1.
2020-09-07T19:45:20.189Z [749f8514fdb47d17] [ACCEPTED LOGIN]   for client : jffe@000 / 127.0.0.1.
2020-09-07T19:45:50.212Z [13bca9dc17eb7555] [ACCEPTED LOGIN]   for client : jffe@000 / 127.0.0.1.
2020-09-07T19:45:50.213Z [2c76078b772ef8b2] [ACCEPTED LOGIN]   for client : jffe@000 / 127.0.0.1.
2020-09-07T19:45:50.214Z [6cc190747e53ef48] [ACCEPTED LOGIN]   for client : jffe@000 / 127.0.0.1.
2020-09-07T19:45:50.215Z [6e07a880960f452d] [ACCEPTED LOGIN]   for client : jffe@000 / 127.0.0.1.
2020-09-07T19:46:20.209Z [2329041daeaf7998] [ACCEPTED LOGIN]   for client : jffe@000 / 127.0.0.1.
2020-09-07T19:46:20.212Z [19d2a37da9f65fd8] [ACCEPTED LOGIN]   for client : jffe@000 / 127.0.0.1.
2020-09-07T19:46:20.217Z [6ee2ec2891a4af7c] [ACCEPTED LOGIN]   for client : jffe@000 / 127.0.0.1.
2020-09-07T19:46:20.220Z [77b7e0b676bf899a] [ACCEPTED LOGIN]   for client : jffe@000 / 127.0.0.1.
2020-09-07T19:46:50.165Z [71a3481a7ef5295 ] [ACCEPTED LOGIN]   for client : jffe@000 / 127.0.0.1.
2020-09-07T19:46:50.169Z [7c923a78f54f5aac] [ACCEPTED LOGIN]   for client : jffe@000 / 127.0.0.1.
2020-09-07T19:46:50.176Z [4ee9093be80d4a25] [ACCEPTED LOGIN]   for client : jffe@000 / 127.0.0.1.
2020-09-07T19:46:50.184Z [1afbabd5d58aee6c] [ACCEPTED LOGIN]   for client : jffe@000 / 127.0.0.1.
2020-09-07T19:52:35.989Z [3d5accd7e268681e] [ACCEPTED LOGIN]   for client : jffe@000 / 127.0.0.1.
2020-09-07T19:53:08.430Z [46c62e9eddad15c1] [ACCEPTED LOGIN]   for client : jffe@000 / 127.0.0.1.
2020-09-07T19:53:08.440Z [5ceeb4061c202d3e] [ACCEPTED LOGIN]   for client : jffe@000 / 127.0.0.1.
2020-09-07T19:53:08.442Z [77260e3856ff49e7] [ACCEPTED LOGIN]   for client : jffe@000 / 127.0.0.1.
2020-09-07T19:53:08.427Z [5a0094e51616d58 ] [ACCEPTED LOGIN]   for client : jffe@000 / 127.0.0.1.
2020-09-07T19:53:38.390Z [607577080a386ff5] [ACCEPTED LOGIN]   for client : jffe@000 / 127.0.0.1.
2020-09-07T19:53:38.403Z [2201d35c7dbca41e] [ACCEPTED LOGIN]   for client : jffe@000 / 127.0.0.1.
2020-09-07T19:53:38.437Z [552851b80b9091ae] [ACCEPTED LOGIN]   for client : jffe@000 / 127.0.0.1.
2020-09-07T19:53:38.437Z [cb941eb739cb820 ] [ACCEPTED LOGIN]   for client : jffe@000 / 127.0.0.1.
2020-09-07T19:54:08.386Z [d98a1beabc3b860 ] [ACCEPTED LOGIN]   for client : jffe@000 / 127.0.0.1.
2020-09-07T19:54:08.391Z [1db6489f0ca68004] [ACCEPTED LOGIN]   for client : jffe@000 / 127.0.0.1.
2020-09-07T19:54:08.396Z [622176de51eb8d65] [ACCEPTED LOGIN]   for client : jffe@000 / 127.0.0.1.
2020-09-07T19:54:08.412Z [1e350c5465e08920] [ACCEPTED LOGIN]   for client : jffe@000 / 127.0.0.1.
2020-09-07T19:54:38.432Z [17747424d2c2b083] [ACCEPTED LOGIN]   for client : jffe@000 / 127.0.0.1.
2020-09-07T19:54:38.454Z [79645b834ee26f41] [ACCEPTED LOGIN]   for client : jffe@000 / 127.0.0.1.
2020-09-07T19:54:38.467Z [66c4d82b985c2cfb] [ACCEPTED LOGIN]   for client : jffe@000 / 127.0.0.1.
2020-09-07T19:54:38.470Z [1f4ebf4b449e5ec5] [ACCEPTED LOGIN]   for client : jffe@000 / 127.0.0.1.
2020-09-07T19:55:08.402Z [2326d6750f0c02ed] [ACCEPTED LOGIN]   for client : jffe@000 / 127.0.0.1.
2020-09-07T19:55:08.403Z [3d2b32b9ff8bd5af] [ACCEPTED LOGIN]   for client : jffe@000 / 127.0.0.1.
2020-09-07T19:55:08.403Z [2e17a2a307e0eb1c] [ACCEPTED LOGIN]   for client : jffe@000 / 127.0.0.1.
2020-09-07T19:55:08.410Z [79417a1692e3afd0] [ACCEPTED LOGIN]   for client : jffe@000 / 127.0.0.1.
2020-09-07T19:55:38.422Z [567007f35a1605b7] [ACCEPTED LOGIN]   for client : jffe@000 / 127.0.0.1.
2020-09-07T19:55:38.439Z [25252922e705658d] [ACCEPTED LOGIN]   for client : jffe@000 / 127.0.0.1.
2020-09-07T19:55:38.440Z [66b4aea3a0b67c22] [ACCEPTED LOGIN]   for client : jffe@000 / 127.0.0.1.
2020-09-07T19:55:38.447Z [21b61026026025c3] [ACCEPTED LOGIN]   for client : jffe@000 / 127.0.0.1.
2020-09-07T19:56:08.449Z [1d033e08d5c4b2e6] [ACCEPTED LOGIN]   for client : jffe@000 / 127.0.0.1.
2020-09-07T19:56:08.455Z [37055a6eca5767ad] [ACCEPTED LOGIN]   for client : jffe@000 / 127.0.0.1.
2020-09-07T19:56:08.461Z [28aa9afcaba69e9a] [ACCEPTED LOGIN]   for client : jffe@000 / 127.0.0.1.
2020-09-07T19:56:08.470Z [245c4e48cbb2581f] [ACCEPTED LOGIN]   for client : jffe@000 / 127.0.0.1.
2020-09-07T19:56:38.438Z [4649eff081719cd2] [ACCEPTED LOGIN]   for client : jffe@000 / 127.0.0.1.
2020-09-07T19:56:38.444Z [6d8190be24030a69] [ACCEPTED LOGIN]   for client : jffe@000 / 127.0.0.1.
2020-09-07T19:56:38.444Z [1a95e88823ce79ba] [ACCEPTED LOGIN]   for client : jffe@000 / 127.0.0.1.
2020-09-07T19:56:38.461Z [3d5d2b0c81c6b8cf] [ACCEPTED LOGIN]   for client : jffe@000 / 127.0.0.1.
2020-09-07T19:57:08.415Z [60377213e144202d] [ACCEPTED LOGIN]   for client : jffe@000 / 127.0.0.1.
2020-09-07T19:57:08.430Z [460fc47f8bcd658e] [ACCEPTED LOGIN]   for client : jffe@000 / 127.0.0.1.
2020-09-07T19:57:08.452Z [412f654e1811a2c9] [ACCEPTED LOGIN]   for client : jffe@000 / 127.0.0.1.
2020-09-07T19:57:08.454Z [21dc68dbdaa4d286] [ACCEPTED LOGIN]   for client : jffe@000 / 127.0.0.1.
2020-09-07T19:57:38.448Z [6791262b52f960cf] [ACCEPTED LOGIN]   for client : jffe@000 / 127.0.0.1.
2020-09-07T19:57:38.460Z [533e88c1b26bb97f] [ACCEPTED LOGIN]   for client : jffe@000 / 127.0.0.1.
2020-09-07T19:57:38.460Z [1997a3fd791406cc] [ACCEPTED LOGIN]   for client : jffe@000 / 127.0.0.1.
2020-09-07T19:57:38.460Z [1c0806d05f90e740] [ACCEPTED LOGIN]   for client : jffe@000 / 127.0.0.1.
2020-09-07T19:58:08.417Z [22ba399355218955] [ACCEPTED LOGIN]   for client : jffe@000 / 127.0.0.1.
2020-09-07T19:58:08.418Z [7e78fa07fb3a300e] [ACCEPTED LOGIN]   for client : jffe@000 / 127.0.0.1.
2020-09-07T19:58:08.420Z [7c8b3a8894f378d ] [ACCEPTED LOGIN]   for client : jffe@000 / 127.0.0.1.
2020-09-07T19:58:08.421Z [4818d8fc91274ba4] [ACCEPTED LOGIN]   for client : jffe@000 / 127.0.0.1.
2020-09-07T19:58:38.449Z [49499ea2240a3958] [ACCEPTED LOGIN]   for client : jffe@000 / 127.0.0.1.
2020-09-07T19:58:38.460Z [36608cace3b680eb] [ACCEPTED LOGIN]   for client : jffe@000 / 127.0.0.1.
2020-09-07T19:58:38.465Z [308b0f1037dfe17f] [ACCEPTED LOGIN]   for client : jffe@000 / 127.0.0.1.
2020-09-07T19:58:38.469Z [45193b4b68bba913] [ACCEPTED LOGIN]   for client : jffe@000 / 127.0.0.1.
2020-09-07T19:59:08.442Z [2e93d10235ee6a9a] [ACCEPTED LOGIN]   for client : jffe@000 / 127.0.0.1.
2020-09-07T19:59:08.456Z [6b3e0daa7cee56c ] [ACCEPTED LOGIN]   for client : jffe@000 / 127.0.0.1.
2020-09-07T19:59:08.460Z [29e7e3714531efcd] [ACCEPTED LOGIN]   for client : jffe@000 / 127.0.0.1.
2020-09-07T19:59:08.467Z [21c3fb82fc5fbada] [ACCEPTED LOGIN]   for client : jffe@000 / 127.0.0.1.
2020-09-07T19:59:38.451Z [770114f3306bae6a] [ACCEPTED LOGIN]   for client : jffe@000 / 127.0.0.1.
2020-09-07T19:59:38.472Z [4ffc9a01032bf6a4] [ACCEPTED LOGIN]   for client : jffe@000 / 127.0.0.1.
2020-09-07T19:59:38.474Z [2830b242c2016c35] [ACCEPTED LOGIN]   for client : jffe@000 / 127.0.0.1.
2020-09-07T19:59:38.476Z [1803147abfc22c37] [ACCEPTED LOGIN]   for client : jffe@000 / 127.0.0.1.
2020-09-07T20:00:08.405Z [582effe595a76c2 ] [ACCEPTED LOGIN]   for client : jffe@000 / 127.0.0.1.
2020-09-07T20:00:08.413Z [6fbf5b5bad734b2f] [ACCEPTED LOGIN]   for client : jffe@000 / 127.0.0.1.
2020-09-07T20:00:08.419Z [5c08ecc18a6ba0a1] [ACCEPTED LOGIN]   for client : jffe@000 / 127.0.0.1.
2020-09-07T20:00:08.421Z [57584c73acc054d2] [ACCEPTED LOGIN]   for client : jffe@000 / 127.0.0.1.
2020-09-07T20:00:38.401Z [65aad035130e9adb] [ACCEPTED LOGIN]   for client : jffe@000 / 127.0.0.1.
2020-09-07T20:00:38.404Z [7a43ebd461e224da] [ACCEPTED LOGIN]   for client : jffe@000 / 127.0.0.1.
2020-09-07T20:00:38.409Z [6fc4f8af734fe227] [ACCEPTED LOGIN]   for client : jffe@000 / 127.0.0.1.
2020-09-07T20:00:38.424Z [735a345710e09af1] [ACCEPTED LOGIN]   for client : jffe@000 / 127.0.0.1.
2020-09-07T20:01:08.458Z [6d221c0bc4b07df0] [ACCEPTED LOGIN]   for client : jffe@000 / 127.0.0.1.
2020-09-07T20:01:08.466Z [3f41810ff1704491] [ACCEPTED LOGIN]   for client : jffe@000 / 127.0.0.1.
2020-09-07T20:01:08.472Z [1c4b5e8ad1b38f2b] [ACCEPTED LOGIN]   for client : jffe@000 / 127.0.0.1.
2020-09-07T20:01:08.480Z [e648f1c432a7de7 ] [ACCEPTED LOGIN]   for client : jffe@000 / 127.0.0.1.
2020-09-07T20:01:38.429Z [fc52080f307bd2f ] [ACCEPTED LOGIN]   for client : jffe@000 / 127.0.0.1.
2020-09-07T20:01:38.464Z [7b14aac93a194d48] [ACCEPTED LOGIN]   for client : jffe@000 / 127.0.0.1.
2020-09-07T20:01:38.464Z [78a7a571afe6131d] [ACCEPTED LOGIN]   for client : jffe@000 / 127.0.0.1.
2020-09-07T20:01:38.472Z [3c890235f3b70b67] [ACCEPTED LOGIN]   for client : jffe@000 / 127.0.0.1.
2020-09-07T20:02:08.477Z [30ea4a3e630c626c] [ACCEPTED LOGIN]   for client : jffe@000 / 127.0.0.1.
2020-09-07T20:02:08.481Z [4460cefe379d4850] [ACCEPTED LOGIN]   for client : jffe@000 / 127.0.0.1.
2020-09-07T20:02:08.482Z [1a8291c5a9f15d2f] [ACCEPTED LOGIN]   for client : jffe@000 / 127.0.0.1.
2020-09-07T20:02:08.483Z [1eebb6301c660f33] [ACCEPTED LOGIN]   for client : jffe@000 / 127.0.0.1.
2020-09-07T20:02:38.542Z [4d9d53be2870bec4] [ACCEPTED LOGIN]   for client : jffe@000 / 127.0.0.1.
2020-09-07T20:02:38.553Z [7844aee90154475e] [ACCEPTED LOGIN]   for client : jffe@000 / 127.0.0.1.
2020-09-07T20:02:38.558Z [3f873961b8661cfc] [ACCEPTED LOGIN]   for client : jffe@000 / 127.0.0.1.
2020-09-07T20:02:38.566Z [1d769a73ca01e315] [ACCEPTED LOGIN]   for client : jffe@000 / 127.0.0.1.
2020-09-07T20:03:08.487Z [59eeb183a1f9f605] [ACCEPTED LOGIN]   for client : jffe@000 / 127.0.0.1.
2020-09-07T20:03:08.495Z [610265976cd22ce3] [ACCEPTED LOGIN]   for client : jffe@000 / 127.0.0.1.
2020-09-07T20:03:08.504Z [331ca55de83b4234] [ACCEPTED LOGIN]   for client : jffe@000 / 127.0.0.1.
2020-09-07T20:03:08.508Z [2a99b6ebdbff9e0 ] [ACCEPTED LOGIN]   for client : jffe@000 / 127.0.0.1.
2020-09-07T20:03:38.502Z [370bae82be2daeac] [ACCEPTED LOGIN]   for client : jffe@000 / 127.0.0.1.
2020-09-07T20:03:38.503Z [3d581ecbec5ae74b] [ACCEPTED LOGIN]   for client : jffe@000 / 127.0.0.1.
2020-09-07T20:03:38.514Z [49efbca720de1e82] [ACCEPTED LOGIN]   for client : jffe@000 / 127.0.0.1.
2020-09-07T20:03:38.514Z [5d9c9f1b7ebc30f4] [ACCEPTED LOGIN]   for client : jffe@000 / 127.0.0.1.
2020-09-07T20:04:08.461Z [4ab05bce80d6be2 ] [ACCEPTED LOGIN]   for client : jffe@000 / 127.0.0.1.
2020-09-07T20:04:08.469Z [24e825e96e9a06f0] [ACCEPTED LOGIN]   for client : jffe@000 / 127.0.0.1.
2020-09-07T20:04:08.474Z [7b46a08265e88b18] [ACCEPTED LOGIN]   for client : jffe@000 / 127.0.0.1.
2020-09-07T20:04:08.486Z [67d95392bcef898c] [ACCEPTED LOGIN]   for client : jffe@000 / 127.0.0.1.
2020-09-07T20:04:38.511Z [2c2410bfd5b76cfa] [ACCEPTED LOGIN]   for client : jffe@000 / 127.0.0.1.
2020-09-07T20:04:38.511Z [52bdbfac8d654242] [ACCEPTED LOGIN]   for client : jffe@000 / 127.0.0.1.
2020-09-07T20:04:38.511Z [3e17ac5441be8cae] [ACCEPTED LOGIN]   for client : jffe@000 / 127.0.0.1.
2020-09-07T20:04:38.511Z [624285c5e22469a1] [ACCEPTED LOGIN]   for client : jffe@000 / 127.0.0.1.
2020-09-07T20:05:08.497Z [551e07f5325593aa] [ACCEPTED LOGIN]   for client : jffe@000 / 127.0.0.1.
2020-09-07T20:05:08.513Z [1311af2976cf5c51] [ACCEPTED LOGIN]   for client : jffe@000 / 127.0.0.1.
2020-09-07T20:05:08.529Z [434b9b74ddc81f13] [ACCEPTED LOGIN]   for client : jffe@000 / 127.0.0.1.
2020-09-07T20:05:08.538Z [66617dd15efd43b9] [ACCEPTED LOGIN]   for client : jffe@000 / 127.0.0.1.
2020-09-07T20:05:38.474Z [c6bec172393731e ] [ACCEPTED LOGIN]   for client : jffe@000 / 127.0.0.1.
2020-09-07T20:05:38.479Z [7849214ed0c717d2] [ACCEPTED LOGIN]   for client : jffe@000 / 127.0.0.1.
2020-09-07T20:05:38.485Z [53748b8d2b39d761] [ACCEPTED LOGIN]   for client : jffe@000 / 127.0.0.1.
2020-09-07T20:05:38.491Z [5b29274792e9a774] [ACCEPTED LOGIN]   for client : jffe@000 / 127.0.0.1.
2020-09-07T20:06:08.497Z [5118309e7a1b2e23] [ACCEPTED LOGIN]   for client : jffe@000 / 127.0.0.1.
2020-09-07T20:06:08.497Z [477f14d9f957e48d] [ACCEPTED LOGIN]   for client : jffe@000 / 127.0.0.1.
2020-09-07T20:06:08.498Z [244daaee1c8678f ] [ACCEPTED LOGIN]   for client : jffe@000 / 127.0.0.1.
2020-09-07T20:06:08.503Z [3a898ed4a43cdd24] [ACCEPTED LOGIN]   for client : jffe@000 / 127.0.0.1.
2020-09-07T20:06:38.501Z [26453e6a505b73cc] [ACCEPTED LOGIN]   for client : jffe@000 / 127.0.0.1.
2020-09-07T20:06:38.504Z [53c12ff8cc36d93f] [ACCEPTED LOGIN]   for client : jffe@000 / 127.0.0.1.
2020-09-07T20:06:38.507Z [57ccab58b5708c8a] [ACCEPTED LOGIN]   for client : jffe@000 / 127.0.0.1.
2020-09-07T20:06:38.521Z [23eadbdcca6f82  ] [ACCEPTED LOGIN]   for client : jffe@000 / 127.0.0.1.
2020-09-07T20:07:08.478Z [7d78a9d6447a99eb] [ACCEPTED LOGIN]   for client : jffe@000 / 127.0.0.1.
2020-09-07T20:07:08.482Z [4d8bc792bb02128e] [ACCEPTED LOGIN]   for client : jffe@000 / 127.0.0.1.
2020-09-07T20:07:08.480Z [33ef9edf3b89b5fe] [ACCEPTED LOGIN]   for client : jffe@000 / 127.0.0.1.
2020-09-07T20:07:08.496Z [49425318c594eed6] [ACCEPTED LOGIN]   for client : jffe@000 / 127.0.0.1.
2020-09-07T20:07:38.475Z [5f1853fc22b9edc6] [ACCEPTED LOGIN]   for client : jffe@000 / 127.0.0.1.
2020-09-07T20:07:38.493Z [d87de527217ec41 ] [ACCEPTED LOGIN]   for client : jffe@000 / 127.0.0.1.
2020-09-07T20:07:38.498Z [35df5a76714b9019] [ACCEPTED LOGIN]   for client : jffe@000 / 127.0.0.1.
2020-09-07T20:07:38.500Z [6f177b4d18917dd1] [ACCEPTED LOGIN]   for client : jffe@000 / 127.0.0.1.
2020-09-07T20:08:08.481Z [55e050542d16bcac] [ACCEPTED LOGIN]   for client : jffe@000 / 127.0.0.1.
2020-09-07T20:08:08.481Z [2385d29949e3b63a] [ACCEPTED LOGIN]   for client : jffe@000 / 127.0.0.1.
2020-09-07T20:08:08.481Z [1db92fadfe3c5a4f] [ACCEPTED LOGIN]   for client : jffe@000 / 127.0.0.1.
2020-09-07T20:08:08.496Z [2107aef1b9daff01] [ACCEPTED LOGIN]   for client : jffe@000 / 127.0.0.1.
2020-09-07T20:08:38.472Z [5dcc21dd93049901] [ACCEPTED LOGIN]   for client : jffe@000 / 127.0.0.1.
2020-09-07T20:08:38.488Z [dd65d6904fdb14f ] [ACCEPTED LOGIN]   for client : jffe@000 / 127.0.0.1.
2020-09-07T20:08:38.490Z [55a88a8e377fdda6] [ACCEPTED LOGIN]   for client : jffe@000 / 127.0.0.1.
2020-09-07T20:08:38.501Z [78b4a26e0c8e5361] [ACCEPTED LOGIN]   for client : jffe@000 / 127.0.0.1.
2020-09-07T20:09:08.480Z [62093ec4b2e9f002] [ACCEPTED LOGIN]   for client : jffe@000 / 127.0.0.1.
2020-09-07T20:09:08.487Z [7774b27494a6de27] [ACCEPTED LOGIN]   for client : jffe@000 / 127.0.0.1.
2020-09-07T20:09:08.489Z [1528e302bb0fe7ac] [ACCEPTED LOGIN]   for client : jffe@000 / 127.0.0.1.
2020-09-07T20:09:08.496Z [4ccd8158eff2dc3a] [ACCEPTED LOGIN]   for client : jffe@000 / 127.0.0.1.
2020-09-07T20:09:38.473Z [223359a864101b38] [ACCEPTED LOGIN]   for client : jffe@000 / 127.0.0.1.
2020-09-07T20:09:38.481Z [f7240202e876f44 ] [ACCEPTED LOGIN]   for client : jffe@000 / 127.0.0.1.
2020-09-07T20:09:38.489Z [53724381d82f84cd] [ACCEPTED LOGIN]   for client : jffe@000 / 127.0.0.1.
2020-09-07T20:09:38.499Z [612573ac8e876402] [ACCEPTED LOGIN]   for client : jffe@000 / 127.0.0.1.
2020-09-07T20:10:08.486Z [655461a29f025c04] [ACCEPTED LOGIN]   for client : jffe@000 / 127.0.0.1.
2020-09-07T20:10:08.491Z [4be7961f7991a27e] [ACCEPTED LOGIN]   for client : jffe@000 / 127.0.0.1.
2020-09-07T20:10:08.492Z [f171f4a4bcaebd1 ] [ACCEPTED LOGIN]   for client : jffe@000 / 127.0.0.1.
2020-09-07T20:10:08.502Z [116866fedca8f00 ] [ACCEPTED LOGIN]   for client : jffe@000 / 127.0.0.1.
2020-09-07T20:10:38.500Z [73191d76a9f8f982] [ACCEPTED LOGIN]   for client : jffe@000 / 127.0.0.1.
2020-09-07T20:10:38.500Z [5d61a82a0c8edc77] [ACCEPTED LOGIN]   for client : jffe@000 / 127.0.0.1.
2020-09-07T20:10:38.512Z [7443e2380e18bec5] [ACCEPTED LOGIN]   for client : jffe@000 / 127.0.0.1.
2020-09-07T20:10:38.518Z [396f443c52ccd228] [ACCEPTED LOGIN]   for client : jffe@000 / 127.0.0.1.
2020-09-07T20:11:08.491Z [172cea4c8c97e17 ] [ACCEPTED LOGIN]   for client : jffe@000 / 127.0.0.1.
2020-09-07T20:11:08.502Z [78a91ef41016c9bb] [ACCEPTED LOGIN]   for client : jffe@000 / 127.0.0.1.
2020-09-07T20:11:08.503Z [1b5928053e98a693] [ACCEPTED LOGIN]   for client : jffe@000 / 127.0.0.1.
2020-09-07T20:11:08.516Z [6ae5516b7e84ad12] [ACCEPTED LOGIN]   for client : jffe@000 / 127.0.0.1.
2020-09-07T20:11:38.489Z [3bb300d5bcfd4f4c] [ACCEPTED LOGIN]   for client : jffe@000 / 127.0.0.1.
2020-09-07T20:11:38.494Z [6c34fef6faf2c2ea] [ACCEPTED LOGIN]   for client : jffe@000 / 127.0.0.1.
2020-09-07T20:11:38.497Z [4826826590d80807] [ACCEPTED LOGIN]   for client : jffe@000 / 127.0.0.1.
2020-09-07T20:11:38.498Z [70d9290460a75da ] [ACCEPTED LOGIN]   for client : jffe@000 / 127.0.0.1.
2020-09-07T20:12:08.522Z [31ba2be1c681ce21] [ACCEPTED LOGIN]   for client : jffe@000 / 127.0.0.1.
2020-09-07T20:12:08.529Z [1f08244173559d3c] [ACCEPTED LOGIN]   for client : jffe@000 / 127.0.0.1.
2020-09-07T20:12:08.531Z [11385b2044e3aa06] [ACCEPTED LOGIN]   for client : jffe@000 / 127.0.0.1.
2020-09-07T20:12:08.540Z [782286db57e1ab62] [ACCEPTED LOGIN]   for client : jffe@000 / 127.0.0.1.
2020-09-07T20:12:38.563Z [3aa1379ffb47452c] [ACCEPTED LOGIN]   for client : jffe@000 / 127.0.0.1.
2020-09-07T20:12:38.581Z [baccb1d98e2aa96 ] [ACCEPTED LOGIN]   for client : jffe@000 / 127.0.0.1.
2020-09-07T20:12:38.584Z [21e603a7dd431a6d] [ACCEPTED LOGIN]   for client : jffe@000 / 127.0.0.1.
2020-09-07T20:12:38.595Z [6d242a313550b306] [ACCEPTED LOGIN]   for client : jffe@000 / 127.0.0.1.
2020-09-07T20:13:08.527Z [617a43a4eaa16f33] [ACCEPTED LOGIN]   for client : jffe@000 / 127.0.0.1.
2020-09-07T20:13:08.530Z [5870eea2e58afc85] [ACCEPTED LOGIN]   for client : jffe@000 / 127.0.0.1.
2020-09-07T20:13:08.540Z [12796e51e95ed383] [ACCEPTED LOGIN]   for client : jffe@000 / 127.0.0.1.
2020-09-07T20:13:08.539Z [77032d28ee0995e1] [ACCEPTED LOGIN]   for client : jffe@000 / 127.0.0.1.
2020-09-07T20:13:38.534Z [159d5967d492ffde] [ACCEPTED LOGIN]   for client : jffe@000 / 127.0.0.1.
2020-09-07T20:13:38.538Z [229da3b80a2129dd] [ACCEPTED LOGIN]   for client : jffe@000 / 127.0.0.1.
2020-09-07T20:13:38.539Z [7c5943ec2841f1bc] [ACCEPTED LOGIN]   for client : jffe@000 / 127.0.0.1.
2020-09-07T20:13:38.547Z [44b17773593cb30f] [ACCEPTED LOGIN]   for client : jffe@000 / 127.0.0.1.
2020-09-07T20:14:08.514Z [6fc273af6b16e5a8] [ACCEPTED LOGIN]   for client : jffe@000 / 127.0.0.1.
2020-09-07T20:14:08.520Z [60acfc8eb840db68] [ACCEPTED LOGIN]   for client : jffe@000 / 127.0.0.1.
2020-09-07T20:14:08.534Z [1e05c9fae56199f8] [ACCEPTED LOGIN]   for client : jffe@000 / 127.0.0.1.
2020-09-07T20:14:08.534Z [5f6965fafa70de09] [ACCEPTED LOGIN]   for client : jffe@000 / 127.0.0.1.
2020-09-07T20:14:38.542Z [7f339748510f9c4b] [ACCEPTED LOGIN]   for client : jffe@000 / 127.0.0.1.
2020-09-07T20:14:38.544Z [236c323f672985b4] [ACCEPTED LOGIN]   for client : jffe@000 / 127.0.0.1.
2020-09-07T20:14:38.551Z [75a879a50881b31f] [ACCEPTED LOGIN]   for client : jffe@000 / 127.0.0.1.
2020-09-07T20:14:38.557Z [4f965690410a3127] [ACCEPTED LOGIN]   for client : jffe@000 / 127.0.0.1.
2020-09-07T20:15:08.494Z [36555edb581456ad] [ACCEPTED LOGIN]   for client : jffe@000 / 127.0.0.1.
2020-09-07T20:15:08.499Z [78e499424c0f24c5] [ACCEPTED LOGIN]   for client : jffe@000 / 127.0.0.1.
2020-09-07T20:15:08.510Z [555b912296e17abf] [ACCEPTED LOGIN]   for client : jffe@000 / 127.0.0.1.
2020-09-07T20:15:08.512Z [31a9a08ff3b671f5] [ACCEPTED LOGIN]   for client : jffe@000 / 127.0.0.1.
2020-09-07T20:15:38.563Z [42a22c73deba189e] [ACCEPTED LOGIN]   for client : jffe@000 / 127.0.0.1.
2020-09-07T20:15:38.567Z [376aec67d30feefc] [ACCEPTED LOGIN]   for client : jffe@000 / 127.0.0.1.
2020-09-07T20:15:38.568Z [4665a8eb13e73126] [ACCEPTED LOGIN]   for client : jffe@000 / 127.0.0.1.
2020-09-07T20:15:38.576Z [2011f2ba38e3db13] [ACCEPTED LOGIN]   for client : jffe@000 / 127.0.0.1.
2020-09-07T20:16:08.513Z [604f829ba388a72f] [ACCEPTED LOGIN]   for client : jffe@000 / 127.0.0.1.
2020-09-07T20:16:08.542Z [346d79bc2471490f] [ACCEPTED LOGIN]   for client : jffe@000 / 127.0.0.1.
2020-09-07T20:16:08.543Z [16bfef4723045905] [ACCEPTED LOGIN]   for client : jffe@000 / 127.0.0.1.
2020-09-07T20:16:08.549Z [439a3225fbb3efa8] [ACCEPTED LOGIN]   for client : jffe@000 / 127.0.0.1.
2020-09-07T20:16:38.531Z [69bd6091dcce4e42] [ACCEPTED LOGIN]   for client : jffe@000 / 127.0.0.1.
2020-09-07T20:16:38.533Z [52fa85e15d3398cd] [ACCEPTED LOGIN]   for client : jffe@000 / 127.0.0.1.
2020-09-07T20:16:38.539Z [143c0a581e6cf654] [ACCEPTED LOGIN]   for client : jffe@000 / 127.0.0.1.
2020-09-07T20:16:38.558Z [43cd9df4db1785cf] [ACCEPTED LOGIN]   for client : jffe@000 / 127.0.0.1.
2020-09-07T20:17:08.553Z [6c76c636292f7c2f] [ACCEPTED LOGIN]   for client : jffe@000 / 127.0.0.1.
2020-09-07T20:17:08.572Z [5455704f9097d5f1] [ACCEPTED LOGIN]   for client : jffe@000 / 127.0.0.1.
2020-09-07T20:17:08.572Z [6b63aa16266958ba] [ACCEPTED LOGIN]   for client : jffe@000 / 127.0.0.1.
2020-09-07T20:17:08.573Z [4424f4fca90703cb] [ACCEPTED LOGIN]   for client : jffe@000 / 127.0.0.1.
2020-09-07T20:17:38.570Z [3c3f69f770d8bd0f] [ACCEPTED LOGIN]   for client : jffe@000 / 127.0.0.1.
2020-09-07T20:17:38.579Z [3fd5905cfdd6262c] [ACCEPTED LOGIN]   for client : jffe@000 / 127.0.0.1.
2020-09-07T20:17:38.580Z [7c21bd116fb26092] [ACCEPTED LOGIN]   for client : jffe@000 / 127.0.0.1.
2020-09-07T20:17:38.582Z [3135c261390dc36a] [ACCEPTED LOGIN]   for client : jffe@000 / 127.0.0.1.
2020-09-07T20:18:08.556Z [6c2fcd6534576dac] [ACCEPTED LOGIN]   for client : jffe@000 / 127.0.0.1.
2020-09-07T20:18:08.559Z [4bcc29823266521b] [ACCEPTED LOGIN]   for client : jffe@000 / 127.0.0.1.
2020-09-07T20:18:08.565Z [537aafca72bc62dd] [ACCEPTED LOGIN]   for client : jffe@000 / 127.0.0.1.
2020-09-07T20:18:08.572Z [125156fc5ea4ec13] [ACCEPTED LOGIN]   for client : jffe@000 / 127.0.0.1.
2020-09-07T20:18:38.568Z [34151d130c9dc06e] [ACCEPTED LOGIN]   for client : jffe@000 / 127.0.0.1.
2020-09-07T20:18:38.572Z [25de22f0dc9ccc1a] [ACCEPTED LOGIN]   for client : jffe@000 / 127.0.0.1.
2020-09-07T20:18:38.597Z [290a6ca89ffe414d] [ACCEPTED LOGIN]   for client : jffe@000 / 127.0.0.1.
2020-09-07T20:18:38.614Z [551b11759f3c4f7a] [ACCEPTED LOGIN]   for client : jffe@000 / 127.0.0.1.
2020-09-07T20:19:08.549Z [7e19cf03998e03fb] [ACCEPTED LOGIN]   for client : jffe@000 / 127.0.0.1.
2020-09-07T20:19:08.554Z [6588b07e9bb737d6] [ACCEPTED LOGIN]   for client : jffe@000 / 127.0.0.1.
2020-09-07T20:19:08.559Z [c219d9e5766a437 ] [ACCEPTED LOGIN]   for client : jffe@000 / 127.0.0.1.
2020-09-07T20:19:08.570Z [76a76237b93b1686] [ACCEPTED LOGIN]   for client : jffe@000 / 127.0.0.1.
2020-09-07T20:19:38.577Z [4f556eda43f413cc] [ACCEPTED LOGIN]   for client : jffe@000 / 127.0.0.1.
2020-09-07T20:19:38.584Z [365772c9df418456] [ACCEPTED LOGIN]   for client : jffe@000 / 127.0.0.1.
2020-09-07T20:19:38.591Z [63f402759bf85433] [ACCEPTED LOGIN]   for client : jffe@000 / 127.0.0.1.
2020-09-07T20:19:38.597Z [3f83288aac828e90] [ACCEPTED LOGIN]   for client : jffe@000 / 127.0.0.1.
2020-09-07T20:20:08.523Z [cb61cbce17e096e ] [ACCEPTED LOGIN]   for client : jffe@000 / 127.0.0.1.
2020-09-07T20:20:08.524Z [1b0eb29a41df344f] [ACCEPTED LOGIN]   for client : jffe@000 / 127.0.0.1.
2020-09-07T20:20:08.526Z [331553c2cfcd7848] [ACCEPTED LOGIN]   for client : jffe@000 / 127.0.0.1.
2020-09-07T20:20:08.534Z [eb65515ee555099 ] [ACCEPTED LOGIN]   for client : jffe@000 / 127.0.0.1.
2020-09-07T20:20:38.540Z [7a3f952e8f81520c] [ACCEPTED LOGIN]   for client : jffe@000 / 127.0.0.1.
2020-09-07T20:20:38.542Z [13075d953b509979] [ACCEPTED LOGIN]   for client : jffe@000 / 127.0.0.1.
2020-09-07T20:20:38.551Z [7d5b2bad838db636] [ACCEPTED LOGIN]   for client : jffe@000 / 127.0.0.1.
2020-09-07T20:20:38.530Z [470d49b527b9e2ad] [ACCEPTED LOGIN]   for client : jffe@000 / 127.0.0.1.
2020-09-07T20:21:08.500Z [402116278b45cfea] [ACCEPTED LOGIN]   for client : jffe@000 / 127.0.0.1.
2020-09-07T20:21:08.506Z [374483d0ec258d9a] [ACCEPTED LOGIN]   for client : jffe@000 / 127.0.0.1.
2020-09-07T20:21:08.518Z [7b9763009606b10a] [ACCEPTED LOGIN]   for client : jffe@000 / 127.0.0.1.
2020-09-07T20:21:08.526Z [c674d4a273173d0 ] [ACCEPTED LOGIN]   for client : jffe@000 / 127.0.0.1.
2020-09-07T20:21:38.552Z [249517d6336e494d] [ACCEPTED LOGIN]   for client : jffe@000 / 127.0.0.1.
2020-09-07T20:21:38.552Z [7dbaf14208ce8714] [ACCEPTED LOGIN]   for client : jffe@000 / 127.0.0.1.
2020-09-07T20:21:38.558Z [10f29caef1bdde75] [ACCEPTED LOGIN]   for client : jffe@000 / 127.0.0.1.
2020-09-07T20:21:38.565Z [7e007fe239f4548a] [ACCEPTED LOGIN]   for client : jffe@000 / 127.0.0.1.
2020-09-07T20:22:08.613Z [440be28d1d8dd5ac] [ACCEPTED LOGIN]   for client : jffe@000 / 127.0.0.1.
2020-09-07T20:22:08.619Z [1b7e4eeb64cb685d] [ACCEPTED LOGIN]   for client : jffe@000 / 127.0.0.1.
2020-09-07T20:22:08.620Z [4ab3d5300e910219] [ACCEPTED LOGIN]   for client : jffe@000 / 127.0.0.1.
2020-09-07T20:22:08.625Z [2b4fd42219ad59d3] [ACCEPTED LOGIN]   for client : jffe@000 / 127.0.0.1.
2020-09-07T20:22:38.625Z [460c72cdbdcbbec7] [ACCEPTED LOGIN]   for client : jffe@000 / 127.0.0.1.
2020-09-07T20:22:38.632Z [3dbd6454df939f61] [ACCEPTED LOGIN]   for client : jffe@000 / 127.0.0.1.
2020-09-07T20:22:38.634Z [4fb75494e62285f ] [ACCEPTED LOGIN]   for client : jffe@000 / 127.0.0.1.
2020-09-07T20:22:38.648Z [63eb93f0664aea71] [ACCEPTED LOGIN]   for client : jffe@000 / 127.0.0.1.
2020-09-07T20:23:08.608Z [4c27970ffeaa5aeb] [ACCEPTED LOGIN]   for client : jffe@000 / 127.0.0.1.
2020-09-07T20:23:08.609Z [6d39d856a3a3b1aa] [ACCEPTED LOGIN]   for client : jffe@000 / 127.0.0.1.
2020-09-07T20:23:08.610Z [600e2cfe81363b52] [ACCEPTED LOGIN]   for client : jffe@000 / 127.0.0.1.
2020-09-07T20:23:08.624Z [dd9afb904e11c1d ] [ACCEPTED LOGIN]   for client : jffe@000 / 127.0.0.1.
2020-09-07T20:23:38.528Z [21b380f0884f91b ] [ACCEPTED LOGIN]   for client : jffe@000 / 127.0.0.1.
2020-09-07T20:23:38.533Z [7cbed95d505d1ef7] [ACCEPTED LOGIN]   for client : jffe@000 / 127.0.0.1.
2020-09-07T20:23:38.543Z [3c9a46fb05e725b8] [ACCEPTED LOGIN]   for client : jffe@000 / 127.0.0.1.
2020-09-07T20:23:38.552Z [13ea3d11d45915e5] [ACCEPTED LOGIN]   for client : jffe@000 / 127.0.0.1.
2020-09-07T20:24:08.570Z [486d4f326a4187fa] [ACCEPTED LOGIN]   for client : jffe@000 / 127.0.0.1.
2020-09-07T20:24:08.577Z [366b064d0b7f759a] [ACCEPTED LOGIN]   for client : jffe@000 / 127.0.0.1.
2020-09-07T20:24:08.582Z [6bc2f6c10a1ace6f] [ACCEPTED LOGIN]   for client : jffe@000 / 127.0.0.1.
2020-09-07T20:24:08.616Z [74bc4c29acf5ff11] [ACCEPTED LOGIN]   for client : jffe@000 / 127.0.0.1.
2020-09-07T20:24:38.609Z [21cb24d4fe51cdc5] [ACCEPTED LOGIN]   for client : jffe@000 / 127.0.0.1.
2020-09-07T20:24:38.622Z [637a377fca62fc4d] [ACCEPTED LOGIN]   for client : jffe@000 / 127.0.0.1.
2020-09-07T20:24:38.623Z [786a10b4d62ebbe6] [ACCEPTED LOGIN]   for client : jffe@000 / 127.0.0.1.
2020-09-07T20:24:38.636Z [7e6378290963fb78] [ACCEPTED LOGIN]   for client : jffe@000 / 127.0.0.1.
2020-09-07T20:25:08.640Z [bdc85bfab4e489c ] [ACCEPTED LOGIN]   for client : jffe@000 / 127.0.0.1.
2020-09-07T20:25:08.641Z [1dc1c18473931779] [ACCEPTED LOGIN]   for client : jffe@000 / 127.0.0.1.
2020-09-07T20:25:08.651Z [5f73ecbb9b2890e5] [ACCEPTED LOGIN]   for client : jffe@000 / 127.0.0.1.
2020-09-07T20:25:08.662Z [7c39ffde4c3c5447] [ACCEPTED LOGIN]   for client : jffe@000 / 127.0.0.1.
2020-09-07T20:25:38.609Z [62269a5ff4246895] [ACCEPTED LOGIN]   for client : jffe@000 / 127.0.0.1.
2020-09-07T20:25:38.620Z [6c2b41cd622f45c9] [ACCEPTED LOGIN]   for client : jffe@000 / 127.0.0.1.
2020-09-07T20:25:38.630Z [4a8827df187ebe08] [ACCEPTED LOGIN]   for client : jffe@000 / 127.0.0.1.
2020-09-07T20:25:38.628Z [78d165ccfd82bc43] [ACCEPTED LOGIN]   for client : jffe@000 / 127.0.0.1.
2020-09-07T20:26:08.597Z [612c28febc5cdde1] [ACCEPTED LOGIN]   for client : jffe@000 / 127.0.0.1.
2020-09-07T20:26:08.602Z [7c16e5f26b8da68b] [ACCEPTED LOGIN]   for client : jffe@000 / 127.0.0.1.
2020-09-07T20:26:08.623Z [15e5a99b9960f607] [ACCEPTED LOGIN]   for client : jffe@000 / 127.0.0.1.
2020-09-07T20:26:08.633Z [6a87090195746c43] [ACCEPTED LOGIN]   for client : jffe@000 / 127.0.0.1.
2020-09-07T20:33:08.386Z [26f0d64f5e904095] [ACCEPTED LOGIN]   for client : jffe@000 / 127.0.0.1.
2020-09-07T20:35:17.912Z [1cf626b824c4173d] [ACCEPTED LOGIN]   for client : jffe@000 / 127.0.0.1.
2020-09-07T20:35:50.233Z [337658cf7255b8d1] [ACCEPTED LOGIN]   for client : jffe@000 / 127.0.0.1.
2020-09-07T20:35:50.233Z [9a7f5638c105fb  ] [ACCEPTED LOGIN]   for client : jffe@000 / 127.0.0.1.
2020-09-07T20:35:50.249Z [6edb78bad07d2816] [ACCEPTED LOGIN]   for client : jffe@000 / 127.0.0.1.
2020-09-07T20:35:50.256Z [65715852b477fab ] [ACCEPTED LOGIN]   for client : jffe@000 / 127.0.0.1.
2020-09-07T20:36:20.262Z [2c7ebe425bf6f530] [ACCEPTED LOGIN]   for client : jffe@000 / 127.0.0.1.
2020-09-07T20:36:20.266Z [34c8e7497f9f1173] [ACCEPTED LOGIN]   for client : jffe@000 / 127.0.0.1.
2020-09-07T20:36:20.273Z [485adcc5ecb96767] [ACCEPTED LOGIN]   for client : jffe@000 / 127.0.0.1.
2020-09-07T20:36:20.282Z [283704ffac075c4b] [ACCEPTED LOGIN]   for client : jffe@000 / 127.0.0.1.
2020-09-07T20:36:50.247Z [77b4c908a40da4bc] [ACCEPTED LOGIN]   for client : jffe@000 / 127.0.0.1.
2020-09-07T20:36:50.248Z [614c9569c0853e77] [ACCEPTED LOGIN]   for client : jffe@000 / 127.0.0.1.
2020-09-07T20:36:50.255Z [21c706d6b5dcae1e] [ACCEPTED LOGIN]   for client : jffe@000 / 127.0.0.1.
2020-09-07T20:36:50.256Z [48b13082dc37ce9b] [ACCEPTED LOGIN]   for client : jffe@000 / 127.0.0.1.
2020-09-07T20:37:20.275Z [2e4e065dc8e164c3] [ACCEPTED LOGIN]   for client : jffe@000 / 127.0.0.1.
2020-09-07T20:37:20.307Z [cbae34f6d8f421f ] [ACCEPTED LOGIN]   for client : jffe@000 / 127.0.0.1.
2020-09-07T20:37:20.321Z [6e61356e648fd44f] [ACCEPTED LOGIN]   for client : jffe@000 / 127.0.0.1.
2020-09-07T20:37:20.326Z [370619ac38227540] [ACCEPTED LOGIN]   for client : jffe@000 / 127.0.0.1.
2020-09-07T20:37:50.238Z [603a291f64763dbb] [ACCEPTED LOGIN]   for client : jffe@000 / 127.0.0.1.
2020-09-07T20:37:50.245Z [11bba117eb7e9f3e] [ACCEPTED LOGIN]   for client : jffe@000 / 127.0.0.1.
2020-09-07T20:37:50.248Z [34361c2081f85ddc] [ACCEPTED LOGIN]   for client : jffe@000 / 127.0.0.1.
2020-09-07T20:37:50.258Z [2f1e301a58f57c5a] [ACCEPTED LOGIN]   for client : jffe@000 / 127.0.0.1.
2020-09-07T20:38:20.204Z [4d099023ff58620d] [ACCEPTED LOGIN]   for client : jffe@000 / 127.0.0.1.
2020-09-07T20:38:20.220Z [20e6b7ea359ef886] [ACCEPTED LOGIN]   for client : jffe@000 / 127.0.0.1.
2020-09-07T20:38:20.236Z [488a29b145cbe8ac] [ACCEPTED LOGIN]   for client : jffe@000 / 127.0.0.1.
2020-09-07T20:38:20.248Z [56cf15fe59a90a4d] [ACCEPTED LOGIN]   for client : jffe@000 / 127.0.0.1.
2020-09-07T20:38:50.260Z [9a3d2ab67a2a382 ] [ACCEPTED LOGIN]   for client : jffe@000 / 127.0.0.1.
2020-09-07T20:38:50.269Z [1a88ad1c8a210da7] [ACCEPTED LOGIN]   for client : jffe@000 / 127.0.0.1.
2020-09-07T20:38:50.269Z [2a6e6eab4a819afd] [ACCEPTED LOGIN]   for client : jffe@000 / 127.0.0.1.
2020-09-07T20:38:50.266Z [3fc1a65ab52ba5a9] [ACCEPTED LOGIN]   for client : jffe@000 / 127.0.0.1.
